[debug] [2024-12-05T05:15:54.949Z] ----------------------------------------------------------------------
[debug] [2024-12-05T05:15:54.951Z] Command:       C:\Program Files\nodejs\node.exe C:\Users\LeeJunGyu\AppData\Roaming\npm\node_modules\firebase-tools\lib\bin\firebase.js emulators:start
[debug] [2024-12-05T05:15:54.951Z] CLI Version:   13.28.0
[debug] [2024-12-05T05:15:54.952Z] Platform:      win32
[debug] [2024-12-05T05:15:54.952Z] Node Version:  v18.20.4
[debug] [2024-12-05T05:15:54.952Z] Time:          Thu Dec 05 2024 14:15:54 GMT+0900 (대한민국 표준시)
[debug] [2024-12-05T05:15:54.952Z] ----------------------------------------------------------------------
[debug] 
[debug] [2024-12-05T05:15:55.033Z] > command requires scopes: ["email","openid","https://www.googleapis.com/auth/cloudplatformprojects.readonly","https://www.googleapis.com/auth/firebase","https://www.googleapis.com/auth/cloud-platform"]
[debug] [2024-12-05T05:15:55.033Z] > authorizing via signed-in user (leejgdh@gmail.com)
[info] i  emulators: Starting emulators: auth {"metadata":{"emulator":{"name":"hub"},"message":"Starting emulators: auth"}}
[debug] [2024-12-05T05:15:55.048Z] [logging] Logging Emulator only supports listening on one address (127.0.0.1). Not listening on ::1
[debug] [2024-12-05T05:15:55.048Z] [auth] Authentication Emulator only supports listening on one address (127.0.0.1). Not listening on ::1
[debug] [2024-12-05T05:15:55.049Z] assigned listening specs for emulators {"user":{"hub":[{"address":"127.0.0.1","family":"IPv4","port":4400},{"address":"::1","family":"IPv6","port":4400}],"ui":[{"address":"127.0.0.1","family":"IPv4","port":4000},{"address":"::1","family":"IPv6","port":4000}],"logging":[{"address":"127.0.0.1","family":"IPv4","port":4500}],"auth":[{"address":"127.0.0.1","family":"IPv4","port":9099}]},"metadata":{"message":"assigned listening specs for emulators"}}
[debug] [2024-12-05T05:15:55.054Z] [hub] writing locator at C:\Users\LEEJUN~1\AppData\Local\Temp\hub-dh-remix-app.json
[info] i  ui: downloading ui-v1.14.0.zip... {"metadata":{"emulator":{"name":"ui"},"message":"downloading ui-v1.14.0.zip..."}}
[debug] [2024-12-05T05:16:00.036Z] >>> [apiv2][query] GET https://storage.googleapis.com/firebase-preview-drop/emulator/ui-v1.14.0.zip 
[debug] [2024-12-05T05:16:00.118Z] <<< [apiv2][status] GET https://storage.googleapis.com/firebase-preview-drop/emulator/ui-v1.14.0.zip 200
[debug] [2024-12-05T05:16:00.118Z] <<< [apiv2][body] GET https://storage.googleapis.com/firebase-preview-drop/emulator/ui-v1.14.0.zip [stream]
[debug] [2024-12-05T05:16:00.745Z] Data is 3615311
[debug] [2024-12-05T05:16:00.746Z] [unzip] Entry: client/ (compressed_size=0 bytes, uncompressed_size=0 bytes)
[debug] [2024-12-05T05:16:00.746Z] [unzip] Processing entry: client\
[debug] [2024-12-05T05:16:00.746Z] [unzip] mkdir: C:\Users\LeeJunGyu\.cache\firebase\emulators\ui-v1.14.0\client\
[debug] [2024-12-05T05:16:00.747Z] [unzip] Entry: client/favicon-16x16.png (compressed_size=293 bytes, uncompressed_size=293 bytes)
[debug] [2024-12-05T05:16:00.748Z] [unzip] Processing entry: client\favicon-16x16.png
[debug] [2024-12-05T05:16:00.748Z] [unzip] else mkdir: C:\Users\LeeJunGyu\.cache\firebase\emulators\ui-v1.14.0\client
[debug] [2024-12-05T05:16:00.748Z] [unzip] Writing file: C:\Users\LeeJunGyu\.cache\firebase\emulators\ui-v1.14.0\client\favicon-16x16.png
[debug] [2024-12-05T05:16:00.750Z] [unzip] Entry: client/safari-pinned-tab.svg (compressed_size=1433 bytes, uncompressed_size=2611 bytes)
[debug] [2024-12-05T05:16:00.750Z] [unzip] Processing entry: client\safari-pinned-tab.svg
[debug] [2024-12-05T05:16:00.750Z] [unzip] else mkdir: C:\Users\LeeJunGyu\.cache\firebase\emulators\ui-v1.14.0\client
[debug] [2024-12-05T05:16:00.750Z] [unzip] deflating: C:\Users\LeeJunGyu\.cache\firebase\emulators\ui-v1.14.0\client\safari-pinned-tab.svg
[debug] [2024-12-05T05:16:00.756Z] [unzip] Entry: client/favicon.ico (compressed_size=2933 bytes, uncompressed_size=13294 bytes)
[debug] [2024-12-05T05:16:00.756Z] [unzip] Processing entry: client\favicon.ico
[debug] [2024-12-05T05:16:00.756Z] [unzip] else mkdir: C:\Users\LeeJunGyu\.cache\firebase\emulators\ui-v1.14.0\client
[debug] [2024-12-05T05:16:00.756Z] [unzip] deflating: C:\Users\LeeJunGyu\.cache\firebase\emulators\ui-v1.14.0\client\favicon.ico
[debug] [2024-12-05T05:16:00.758Z] [unzip] Entry: client/index.html (compressed_size=1363 bytes, uncompressed_size=3071 bytes)
[debug] [2024-12-05T05:16:00.758Z] [unzip] Processing entry: client\index.html
[debug] [2024-12-05T05:16:00.758Z] [unzip] else mkdir: C:\Users\LeeJunGyu\.cache\firebase\emulators\ui-v1.14.0\client
[debug] [2024-12-05T05:16:00.759Z] [unzip] deflating: C:\Users\LeeJunGyu\.cache\firebase\emulators\ui-v1.14.0\client\index.html
[debug] [2024-12-05T05:16:00.761Z] [unzip] Entry: client/android-chrome-192x192.png (compressed_size=2684 bytes, uncompressed_size=2684 bytes)
[debug] [2024-12-05T05:16:00.762Z] [unzip] Processing entry: client\android-chrome-192x192.png
[debug] [2024-12-05T05:16:00.762Z] [unzip] else mkdir: C:\Users\LeeJunGyu\.cache\firebase\emulators\ui-v1.14.0\client
[debug] [2024-12-05T05:16:00.762Z] [unzip] Writing file: C:\Users\LeeJunGyu\.cache\firebase\emulators\ui-v1.14.0\client\android-chrome-192x192.png
[debug] [2024-12-05T05:16:00.763Z] [unzip] Entry: client/apple-touch-icon.png (compressed_size=2123 bytes, uncompressed_size=2152 bytes)
[debug] [2024-12-05T05:16:00.763Z] [unzip] Processing entry: client\apple-touch-icon.png
[debug] [2024-12-05T05:16:00.763Z] [unzip] else mkdir: C:\Users\LeeJunGyu\.cache\firebase\emulators\ui-v1.14.0\client
[debug] [2024-12-05T05:16:00.764Z] [unzip] deflating: C:\Users\LeeJunGyu\.cache\firebase\emulators\ui-v1.14.0\client\apple-touch-icon.png
[debug] [2024-12-05T05:16:00.765Z] [unzip] Entry: client/android-chrome-512x512.png (compressed_size=5369 bytes, uncompressed_size=5411 bytes)
[debug] [2024-12-05T05:16:00.765Z] [unzip] Processing entry: client\android-chrome-512x512.png
[debug] [2024-12-05T05:16:00.765Z] [unzip] else mkdir: C:\Users\LeeJunGyu\.cache\firebase\emulators\ui-v1.14.0\client
[debug] [2024-12-05T05:16:00.766Z] [unzip] deflating: C:\Users\LeeJunGyu\.cache\firebase\emulators\ui-v1.14.0\client\android-chrome-512x512.png
[debug] [2024-12-05T05:16:00.767Z] [unzip] Entry: client/manifest.json (compressed_size=245 bytes, uncompressed_size=551 bytes)
[debug] [2024-12-05T05:16:00.767Z] [unzip] Processing entry: client\manifest.json
[debug] [2024-12-05T05:16:00.767Z] [unzip] else mkdir: C:\Users\LeeJunGyu\.cache\firebase\emulators\ui-v1.14.0\client
[debug] [2024-12-05T05:16:00.768Z] [unzip] deflating: C:\Users\LeeJunGyu\.cache\firebase\emulators\ui-v1.14.0\client\manifest.json
[debug] [2024-12-05T05:16:00.769Z] [unzip] Entry: client/robots.txt (compressed_size=26 bytes, uncompressed_size=26 bytes)
[debug] [2024-12-05T05:16:00.769Z] [unzip] Processing entry: client\robots.txt
[debug] [2024-12-05T05:16:00.769Z] [unzip] else mkdir: C:\Users\LeeJunGyu\.cache\firebase\emulators\ui-v1.14.0\client
[debug] [2024-12-05T05:16:00.769Z] [unzip] Writing file: C:\Users\LeeJunGyu\.cache\firebase\emulators\ui-v1.14.0\client\robots.txt
[debug] [2024-12-05T05:16:00.770Z] [unzip] Entry: client/mstile-150x150.png (compressed_size=2034 bytes, uncompressed_size=2034 bytes)
[debug] [2024-12-05T05:16:00.770Z] [unzip] Processing entry: client\mstile-150x150.png
[debug] [2024-12-05T05:16:00.770Z] [unzip] else mkdir: C:\Users\LeeJunGyu\.cache\firebase\emulators\ui-v1.14.0\client
[debug] [2024-12-05T05:16:00.771Z] [unzip] Writing file: C:\Users\LeeJunGyu\.cache\firebase\emulators\ui-v1.14.0\client\mstile-150x150.png
[debug] [2024-12-05T05:16:00.771Z] [unzip] Entry: client/assets/ (compressed_size=0 bytes, uncompressed_size=0 bytes)
[debug] [2024-12-05T05:16:00.772Z] [unzip] Processing entry: client\assets\
[debug] [2024-12-05T05:16:00.772Z] [unzip] mkdir: C:\Users\LeeJunGyu\.cache\firebase\emulators\ui-v1.14.0\client\assets\
[debug] [2024-12-05T05:16:00.772Z] [unzip] Entry: client/assets/index-ClZTY_JS.js.map (compressed_size=2328270 bytes, uncompressed_size=9947004 bytes)
[debug] [2024-12-05T05:16:00.772Z] [unzip] Processing entry: client\assets\index-ClZTY_JS.js.map
[debug] [2024-12-05T05:16:00.772Z] [unzip] else mkdir: C:\Users\LeeJunGyu\.cache\firebase\emulators\ui-v1.14.0\client\assets
[debug] [2024-12-05T05:16:00.772Z] [unzip] deflating: C:\Users\LeeJunGyu\.cache\firebase\emulators\ui-v1.14.0\client\assets\index-ClZTY_JS.js.map
[debug] [2024-12-05T05:16:00.843Z] [unzip] Entry: client/assets/index-ClZTY_JS.js (compressed_size=567195 bytes, uncompressed_size=2035940 bytes)
[debug] [2024-12-05T05:16:00.843Z] [unzip] Processing entry: client\assets\index-ClZTY_JS.js
[debug] [2024-12-05T05:16:00.843Z] [unzip] else mkdir: C:\Users\LeeJunGyu\.cache\firebase\emulators\ui-v1.14.0\client\assets
[debug] [2024-12-05T05:16:00.844Z] [unzip] deflating: C:\Users\LeeJunGyu\.cache\firebase\emulators\ui-v1.14.0\client\assets\index-ClZTY_JS.js
[debug] [2024-12-05T05:16:00.854Z] [unzip] Entry: client/assets/index-BdgySamB.css (compressed_size=35979 bytes, uncompressed_size=298654 bytes)
[debug] [2024-12-05T05:16:00.854Z] [unzip] Processing entry: client\assets\index-BdgySamB.css
[debug] [2024-12-05T05:16:00.854Z] [unzip] else mkdir: C:\Users\LeeJunGyu\.cache\firebase\emulators\ui-v1.14.0\client\assets
[debug] [2024-12-05T05:16:00.854Z] [unzip] deflating: C:\Users\LeeJunGyu\.cache\firebase\emulators\ui-v1.14.0\client\assets\index-BdgySamB.css
[debug] [2024-12-05T05:16:00.856Z] [unzip] Entry: client/assets/extensions/ (compressed_size=0 bytes, uncompressed_size=0 bytes)
[debug] [2024-12-05T05:16:00.856Z] [unzip] Processing entry: client\assets\extensions\
[debug] [2024-12-05T05:16:00.856Z] [unzip] mkdir: C:\Users\LeeJunGyu\.cache\firebase\emulators\ui-v1.14.0\client\assets\extensions\
[debug] [2024-12-05T05:16:00.856Z] [unzip] Entry: client/assets/extensions/default-extension.png (compressed_size=1646 bytes, uncompressed_size=1657 bytes)
[debug] [2024-12-05T05:16:00.856Z] [unzip] Processing entry: client\assets\extensions\default-extension.png
[debug] [2024-12-05T05:16:00.856Z] [unzip] else mkdir: C:\Users\LeeJunGyu\.cache\firebase\emulators\ui-v1.14.0\client\assets\extensions
[debug] [2024-12-05T05:16:00.857Z] [unzip] deflating: C:\Users\LeeJunGyu\.cache\firebase\emulators\ui-v1.14.0\client\assets\extensions\default-extension.png
[debug] [2024-12-05T05:16:00.857Z] [unzip] Entry: client/assets/img/ (compressed_size=0 bytes, uncompressed_size=0 bytes)
[debug] [2024-12-05T05:16:00.857Z] [unzip] Processing entry: client\assets\img\
[debug] [2024-12-05T05:16:00.857Z] [unzip] mkdir: C:\Users\LeeJunGyu\.cache\firebase\emulators\ui-v1.14.0\client\assets\img\
[debug] [2024-12-05T05:16:00.857Z] [unzip] Entry: client/assets/img/database.png (compressed_size=29449 bytes, uncompressed_size=29988 bytes)
[debug] [2024-12-05T05:16:00.858Z] [unzip] Processing entry: client\assets\img\database.png
[debug] [2024-12-05T05:16:00.858Z] [unzip] else mkdir: C:\Users\LeeJunGyu\.cache\firebase\emulators\ui-v1.14.0\client\assets\img
[debug] [2024-12-05T05:16:00.858Z] [unzip] deflating: C:\Users\LeeJunGyu\.cache\firebase\emulators\ui-v1.14.0\client\assets\img\database.png
[debug] [2024-12-05T05:16:00.858Z] [unzip] Entry: client/assets/provider-icons/ (compressed_size=0 bytes, uncompressed_size=0 bytes)
[debug] [2024-12-05T05:16:00.858Z] [unzip] Processing entry: client\assets\provider-icons\
[debug] [2024-12-05T05:16:00.858Z] [unzip] mkdir: C:\Users\LeeJunGyu\.cache\firebase\emulators\ui-v1.14.0\client\assets\provider-icons\
[debug] [2024-12-05T05:16:00.859Z] [unzip] Entry: client/assets/provider-icons/auth_service_saml.svg (compressed_size=575 bytes, uncompressed_size=1226 bytes)
[debug] [2024-12-05T05:16:00.859Z] [unzip] Processing entry: client\assets\provider-icons\auth_service_saml.svg
[debug] [2024-12-05T05:16:00.859Z] [unzip] else mkdir: C:\Users\LeeJunGyu\.cache\firebase\emulators\ui-v1.14.0\client\assets\provider-icons
[debug] [2024-12-05T05:16:00.859Z] [unzip] deflating: C:\Users\LeeJunGyu\.cache\firebase\emulators\ui-v1.14.0\client\assets\provider-icons\auth_service_saml.svg
[debug] [2024-12-05T05:16:00.860Z] [unzip] Entry: client/assets/provider-icons/auth_service_phone.svg (compressed_size=261 bytes, uncompressed_size=414 bytes)
[debug] [2024-12-05T05:16:00.860Z] [unzip] Processing entry: client\assets\provider-icons\auth_service_phone.svg
[debug] [2024-12-05T05:16:00.860Z] [unzip] else mkdir: C:\Users\LeeJunGyu\.cache\firebase\emulators\ui-v1.14.0\client\assets\provider-icons
[debug] [2024-12-05T05:16:00.860Z] [unzip] deflating: C:\Users\LeeJunGyu\.cache\firebase\emulators\ui-v1.14.0\client\assets\provider-icons\auth_service_phone.svg
[debug] [2024-12-05T05:16:00.860Z] [unzip] Entry: client/assets/provider-icons/auth_service_facebook.svg (compressed_size=289 bytes, uncompressed_size=457 bytes)
[debug] [2024-12-05T05:16:00.860Z] [unzip] Processing entry: client\assets\provider-icons\auth_service_facebook.svg
[debug] [2024-12-05T05:16:00.860Z] [unzip] else mkdir: C:\Users\LeeJunGyu\.cache\firebase\emulators\ui-v1.14.0\client\assets\provider-icons
[debug] [2024-12-05T05:16:00.860Z] [unzip] deflating: C:\Users\LeeJunGyu\.cache\firebase\emulators\ui-v1.14.0\client\assets\provider-icons\auth_service_facebook.svg
[debug] [2024-12-05T05:16:00.861Z] [unzip] Entry: client/assets/provider-icons/auth_service_game_center.svg (compressed_size=991 bytes, uncompressed_size=3921 bytes)
[debug] [2024-12-05T05:16:00.861Z] [unzip] Processing entry: client\assets\provider-icons\auth_service_game_center.svg
[debug] [2024-12-05T05:16:00.861Z] [unzip] else mkdir: C:\Users\LeeJunGyu\.cache\firebase\emulators\ui-v1.14.0\client\assets\provider-icons
[debug] [2024-12-05T05:16:00.861Z] [unzip] deflating: C:\Users\LeeJunGyu\.cache\firebase\emulators\ui-v1.14.0\client\assets\provider-icons\auth_service_game_center.svg
[debug] [2024-12-05T05:16:00.862Z] [unzip] Entry: client/assets/provider-icons/auth_service_apple.svg (compressed_size=230 bytes, uncompressed_size=334 bytes)
[debug] [2024-12-05T05:16:00.862Z] [unzip] Processing entry: client\assets\provider-icons\auth_service_apple.svg
[debug] [2024-12-05T05:16:00.862Z] [unzip] else mkdir: C:\Users\LeeJunGyu\.cache\firebase\emulators\ui-v1.14.0\client\assets\provider-icons
[debug] [2024-12-05T05:16:00.862Z] [unzip] deflating: C:\Users\LeeJunGyu\.cache\firebase\emulators\ui-v1.14.0\client\assets\provider-icons\auth_service_apple.svg
[debug] [2024-12-05T05:16:00.862Z] [unzip] Entry: client/assets/provider-icons/auth_service_github.svg (compressed_size=466 bytes, uncompressed_size=838 bytes)
[debug] [2024-12-05T05:16:00.862Z] [unzip] Processing entry: client\assets\provider-icons\auth_service_github.svg
[debug] [2024-12-05T05:16:00.863Z] [unzip] else mkdir: C:\Users\LeeJunGyu\.cache\firebase\emulators\ui-v1.14.0\client\assets\provider-icons
[debug] [2024-12-05T05:16:00.863Z] [unzip] deflating: C:\Users\LeeJunGyu\.cache\firebase\emulators\ui-v1.14.0\client\assets\provider-icons\auth_service_github.svg
[debug] [2024-12-05T05:16:00.863Z] [unzip] Entry: client/assets/provider-icons/auth_service_mslive.svg (compressed_size=203 bytes, uncompressed_size=378 bytes)
[debug] [2024-12-05T05:16:00.863Z] [unzip] Processing entry: client\assets\provider-icons\auth_service_mslive.svg
[debug] [2024-12-05T05:16:00.863Z] [unzip] else mkdir: C:\Users\LeeJunGyu\.cache\firebase\emulators\ui-v1.14.0\client\assets\provider-icons
[debug] [2024-12-05T05:16:00.863Z] [unzip] deflating: C:\Users\LeeJunGyu\.cache\firebase\emulators\ui-v1.14.0\client\assets\provider-icons\auth_service_mslive.svg
[debug] [2024-12-05T05:16:00.864Z] [unzip] Entry: client/assets/provider-icons/auth_service_yahoo.svg (compressed_size=577 bytes, uncompressed_size=1182 bytes)
[debug] [2024-12-05T05:16:00.864Z] [unzip] Processing entry: client\assets\provider-icons\auth_service_yahoo.svg
[debug] [2024-12-05T05:16:00.864Z] [unzip] else mkdir: C:\Users\LeeJunGyu\.cache\firebase\emulators\ui-v1.14.0\client\assets\provider-icons
[debug] [2024-12-05T05:16:00.864Z] [unzip] deflating: C:\Users\LeeJunGyu\.cache\firebase\emulators\ui-v1.14.0\client\assets\provider-icons\auth_service_yahoo.svg
[debug] [2024-12-05T05:16:00.865Z] [unzip] Entry: client/assets/provider-icons/auth_service_twitter.svg (compressed_size=444 bytes, uncompressed_size=751 bytes)
[debug] [2024-12-05T05:16:00.865Z] [unzip] Processing entry: client\assets\provider-icons\auth_service_twitter.svg
[debug] [2024-12-05T05:16:00.865Z] [unzip] else mkdir: C:\Users\LeeJunGyu\.cache\firebase\emulators\ui-v1.14.0\client\assets\provider-icons
[debug] [2024-12-05T05:16:00.865Z] [unzip] deflating: C:\Users\LeeJunGyu\.cache\firebase\emulators\ui-v1.14.0\client\assets\provider-icons\auth_service_twitter.svg
[debug] [2024-12-05T05:16:00.865Z] [unzip] Entry: client/assets/provider-icons/auth_service_play_games.svg (compressed_size=565 bytes, uncompressed_size=1173 bytes)
[debug] [2024-12-05T05:16:00.865Z] [unzip] Processing entry: client\assets\provider-icons\auth_service_play_games.svg
[debug] [2024-12-05T05:16:00.865Z] [unzip] else mkdir: C:\Users\LeeJunGyu\.cache\firebase\emulators\ui-v1.14.0\client\assets\provider-icons
[debug] [2024-12-05T05:16:00.865Z] [unzip] deflating: C:\Users\LeeJunGyu\.cache\firebase\emulators\ui-v1.14.0\client\assets\provider-icons\auth_service_play_games.svg
[debug] [2024-12-05T05:16:00.866Z] [unzip] Entry: client/assets/provider-icons/auth_service_email.svg (compressed_size=228 bytes, uncompressed_size=326 bytes)
[debug] [2024-12-05T05:16:00.866Z] [unzip] Processing entry: client\assets\provider-icons\auth_service_email.svg
[debug] [2024-12-05T05:16:00.866Z] [unzip] else mkdir: C:\Users\LeeJunGyu\.cache\firebase\emulators\ui-v1.14.0\client\assets\provider-icons
[debug] [2024-12-05T05:16:00.866Z] [unzip] deflating: C:\Users\LeeJunGyu\.cache\firebase\emulators\ui-v1.14.0\client\assets\provider-icons\auth_service_email.svg
[debug] [2024-12-05T05:16:00.867Z] [unzip] Entry: client/assets/provider-icons/auth_service_google.svg (compressed_size=409 bytes, uncompressed_size=720 bytes)
[debug] [2024-12-05T05:16:00.867Z] [unzip] Processing entry: client\assets\provider-icons\auth_service_google.svg
[debug] [2024-12-05T05:16:00.867Z] [unzip] else mkdir: C:\Users\LeeJunGyu\.cache\firebase\emulators\ui-v1.14.0\client\assets\provider-icons
[debug] [2024-12-05T05:16:00.867Z] [unzip] deflating: C:\Users\LeeJunGyu\.cache\firebase\emulators\ui-v1.14.0\client\assets\provider-icons\auth_service_google.svg
[debug] [2024-12-05T05:16:00.868Z] [unzip] Entry: client/assets/provider-icons/auth_service_oidc.svg (compressed_size=414 bytes, uncompressed_size=858 bytes)
[debug] [2024-12-05T05:16:00.868Z] [unzip] Processing entry: client\assets\provider-icons\auth_service_oidc.svg
[debug] [2024-12-05T05:16:00.868Z] [unzip] else mkdir: C:\Users\LeeJunGyu\.cache\firebase\emulators\ui-v1.14.0\client\assets\provider-icons
[debug] [2024-12-05T05:16:00.868Z] [unzip] deflating: C:\Users\LeeJunGyu\.cache\firebase\emulators\ui-v1.14.0\client\assets\provider-icons\auth_service_oidc.svg
[debug] [2024-12-05T05:16:00.868Z] [unzip] Entry: client/browserconfig.xml (compressed_size=491 bytes, uncompressed_size=822 bytes)
[debug] [2024-12-05T05:16:00.868Z] [unzip] Processing entry: client\browserconfig.xml
[debug] [2024-12-05T05:16:00.868Z] [unzip] else mkdir: C:\Users\LeeJunGyu\.cache\firebase\emulators\ui-v1.14.0\client
[debug] [2024-12-05T05:16:00.869Z] [unzip] deflating: C:\Users\LeeJunGyu\.cache\firebase\emulators\ui-v1.14.0\client\browserconfig.xml
[debug] [2024-12-05T05:16:00.869Z] [unzip] Entry: client/favicon-32x32.png (compressed_size=475 bytes, uncompressed_size=475 bytes)
[debug] [2024-12-05T05:16:00.869Z] [unzip] Processing entry: client\favicon-32x32.png
[debug] [2024-12-05T05:16:00.869Z] [unzip] else mkdir: C:\Users\LeeJunGyu\.cache\firebase\emulators\ui-v1.14.0\client
[debug] [2024-12-05T05:16:00.869Z] [unzip] Writing file: C:\Users\LeeJunGyu\.cache\firebase\emulators\ui-v1.14.0\client\favicon-32x32.png
[debug] [2024-12-05T05:16:00.870Z] [unzip] Entry: server/ (compressed_size=0 bytes, uncompressed_size=0 bytes)
[debug] [2024-12-05T05:16:00.870Z] [unzip] Processing entry: server\
[debug] [2024-12-05T05:16:00.870Z] [unzip] mkdir: C:\Users\LeeJunGyu\.cache\firebase\emulators\ui-v1.14.0\server\
[debug] [2024-12-05T05:16:00.870Z] [unzip] Entry: server/server.mjs.map (compressed_size=296496 bytes, uncompressed_size=1355667 bytes)
[debug] [2024-12-05T05:16:00.870Z] [unzip] Processing entry: server\server.mjs.map
[debug] [2024-12-05T05:16:00.870Z] [unzip] else mkdir: C:\Users\LeeJunGyu\.cache\firebase\emulators\ui-v1.14.0\server
[debug] [2024-12-05T05:16:00.871Z] [unzip] deflating: C:\Users\LeeJunGyu\.cache\firebase\emulators\ui-v1.14.0\server\server.mjs.map
[debug] [2024-12-05T05:16:00.881Z] [unzip] Entry: server/server.mjs (compressed_size=315701 bytes, uncompressed_size=1172682 bytes)
[debug] [2024-12-05T05:16:00.881Z] [unzip] Processing entry: server\server.mjs
[debug] [2024-12-05T05:16:00.881Z] [unzip] else mkdir: C:\Users\LeeJunGyu\.cache\firebase\emulators\ui-v1.14.0\server
[debug] [2024-12-05T05:16:00.881Z] [unzip] deflating: C:\Users\LeeJunGyu\.cache\firebase\emulators\ui-v1.14.0\server\server.mjs
[debug] [2024-12-05T05:16:00.886Z] [unzip] Entry: server/assets/ (compressed_size=0 bytes, uncompressed_size=0 bytes)
[debug] [2024-12-05T05:16:00.886Z] [unzip] Processing entry: server\assets\
[debug] [2024-12-05T05:16:00.886Z] [unzip] mkdir: C:\Users\LeeJunGyu\.cache\firebase\emulators\ui-v1.14.0\server\assets\
[debug] [2024-12-05T05:16:00.887Z] [unzip] Entry: server/assets/multipart-parser-DGCUZdXu.mjs.map (compressed_size=4791 bytes, uncompressed_size=17918 bytes)
[debug] [2024-12-05T05:16:00.887Z] [unzip] Processing entry: server\assets\multipart-parser-DGCUZdXu.mjs.map
[debug] [2024-12-05T05:16:00.887Z] [unzip] else mkdir: C:\Users\LeeJunGyu\.cache\firebase\emulators\ui-v1.14.0\server\assets
[debug] [2024-12-05T05:16:00.887Z] [unzip] deflating: C:\Users\LeeJunGyu\.cache\firebase\emulators\ui-v1.14.0\server\assets\multipart-parser-DGCUZdXu.mjs.map
[debug] [2024-12-05T05:16:00.888Z] [unzip] Entry: server/assets/multipart-parser-DGCUZdXu.mjs (compressed_size=2621 bytes, uncompressed_size=10390 bytes)
[debug] [2024-12-05T05:16:00.888Z] [unzip] Processing entry: server\assets\multipart-parser-DGCUZdXu.mjs
[debug] [2024-12-05T05:16:00.888Z] [unzip] else mkdir: C:\Users\LeeJunGyu\.cache\firebase\emulators\ui-v1.14.0\server\assets
[debug] [2024-12-05T05:16:00.888Z] [unzip] deflating: C:\Users\LeeJunGyu\.cache\firebase\emulators\ui-v1.14.0\server\assets\multipart-parser-DGCUZdXu.mjs
[debug] [2024-12-05T05:16:00.895Z] Could not find VSCode notification endpoint: FetchError: request to http://localhost:40001/vscode/notify failed, reason: connect ECONNREFUSED ::1:40001. If you are not running the Firebase Data Connect VSCode extension, this is expected and not an issue.
[info] 
┌─────────────────────────────────────────────────────────────┐
│ ✔  All emulators ready! It is now safe to connect your app. │
│ i  View Emulator UI at http://127.0.0.1:4000/               │
└─────────────────────────────────────────────────────────────┘

┌────────────────┬────────────────┬────────────────────────────┐
│ Emulator       │ Host:Port      │ View in Emulator UI        │
├────────────────┼────────────────┼────────────────────────────┤
│ Authentication │ 127.0.0.1:9099 │ http://127.0.0.1:4000/auth │
└────────────────┴────────────────┴────────────────────────────┘
  Emulator Hub running at 127.0.0.1:4400
  Other reserved ports: 4500

Issues? Report them at https://github.com/firebase/firebase-tools/issues and attach the *-debug.log files.
 
[warn] !  Received a signed JWT. Auth Emulator does not validate JWTs and IS NOT SECURE {"metadata":{"emulator":{"name":"auth"},"message":"Received a signed JWT. Auth Emulator does not validate JWTs and IS NOT SECURE"}}
